<?xml version="1.0" encoding="UTF-8"?>
<!-- Generated by org.testng.reporters.JUnitXMLReporter -->
<testsuite ignored="0" hostname="SARAKULK-M-D26K" failures="0" tests="4" name="Test" time="8.107" errors="0" timestamp="2023-03-09T16:38:53 IST">
  <testcase classname="com.cisco.SeleniumPro.multiplevalidations" name="VerifyLoginBtnIsBlue" time="0.031"/>
  <testcase classname="com.cisco.SeleniumPro.multiplevalidations" name="VerifyTitle" time="0.007"/>
  <testcase classname="com.cisco.SeleniumPro.multiplevalidations" name="verifyText" time="0.031"/>
  <testcase classname="com.cisco.SeleniumPro.multiplevalidations" name="verifyText1" time="0.034"/>
</testsuite> <!-- Test -->
