<?xml version="1.0" encoding="UTF-8"?>
<!-- Generated by org.testng.reporters.JUnitXMLReporter -->
<testsuite ignored="0" hostname="SARAKULK-M-D26K" failures="0" tests="4" name="Default test" time="7.488" errors="0" timestamp="2023-03-09T14:06:20 IST">
  <testcase classname="TestNG.multiplevalidations" name="VerifyLoginBtnIsBlue" time="0.029"/>
  <testcase classname="TestNG.multiplevalidations" name="VerifyTitle" time="0.006"/>
  <testcase classname="TestNG.multiplevalidations" name="verifyText" time="0.027"/>
  <testcase classname="TestNG.multiplevalidations" name="verifyText1" time="0.025"/>
</testsuite> <!-- Default test -->
