<?xml version="1.0" encoding="UTF-8"?>
<!-- Generated by org.testng.reporters.JUnitXMLReporter -->
<testsuite ignored="0" hostname="SARAKULK-M-D26K" failures="0" tests="4" name="Default test" time="6.7" errors="0" timestamp="2023-03-13T13:49:44 IST">
  <testcase classname="com.cisco.SeleniumPro.multiplevalidations" name="VerifyLoginBtnIsBlue" time="0.034"/>
  <testcase classname="com.cisco.SeleniumPro.multiplevalidations" name="VerifyTitle" time="0.007"/>
  <testcase classname="com.cisco.SeleniumPro.multiplevalidations" name="verifyText" time="0.03"/>
  <testcase classname="com.cisco.SeleniumPro.multiplevalidations" name="verifyText1" time="0.033"/>
</testsuite> <!-- Default test -->
