<?xml version="1.0" encoding="UTF-8"?>
<testng-results ignored="0" total="1" passed="1" failed="0" skipped="0">
  <reporter-output>
  </reporter-output>
  <suite started-at="2023-03-15T17:17:09 IST" name="Default suite" finished-at="2023-03-15T17:17:22 IST" duration-ms="12839">
    <groups>
    </groups>
    <test started-at="2023-03-15T17:17:09 IST" name="Default test" finished-at="2023-03-15T17:17:22 IST" duration-ms="12839">
      <class name="in.amazon.testscripts.DDF">
        <test-method is-config="true" signature="launchApplication()[pri:0, instance:in.amazon.testscripts.DDF@3527942a]" started-at="2023-03-15T17:17:09 IST" name="launchApplication" finished-at="2023-03-15T17:17:16 IST" duration-ms="6418" status="PASS">
          <reporter-output>
          </reporter-output>
        </test-method> <!-- launchApplication -->
        <test-method signature="verifyErrMsg()[pri:0, instance:in.amazon.testscripts.DDF@3527942a]" started-at="2023-03-15T17:17:16 IST" name="verifyErrMsg" finished-at="2023-03-15T17:17:22 IST" duration-ms="6214" status="PASS">
          <reporter-output>
          </reporter-output>
        </test-method> <!-- verifyErrMsg -->
        <test-method is-config="true" signature="closeBrowser()[pri:0, instance:in.amazon.testscripts.DDF@3527942a]" started-at="2023-03-15T17:17:22 IST" name="closeBrowser" finished-at="2023-03-15T17:17:22 IST" duration-ms="167" status="PASS">
          <reporter-output>
          </reporter-output>
        </test-method> <!-- closeBrowser -->
      </class> <!-- in.amazon.testscripts.DDF -->
    </test> <!-- Default test -->
  </suite> <!-- Default suite -->
</testng-results>
