<?xml version="1.0" encoding="UTF-8"?>
<testng-results ignored="0" total="4" passed="4" failed="0" skipped="0">
  <reporter-output>
  </reporter-output>
  <suite started-at="2023-03-13T13:49:37 IST" name="Default suite" finished-at="2023-03-13T13:49:44 IST" duration-ms="6700">
    <groups>
    </groups>
    <test started-at="2023-03-13T13:49:37 IST" name="Default test" finished-at="2023-03-13T13:49:44 IST" duration-ms="6700">
      <class name="com.cisco.SeleniumPro.multiplevalidations">
        <test-method is-config="true" signature="launchApplication()[pri:0, instance:com.cisco.SeleniumPro.multiplevalidations@72e5a8e]" started-at="2023-03-13T13:49:37 IST" name="launchApplication" finished-at="2023-03-13T13:49:44 IST" duration-ms="6379" status="PASS">
          <reporter-output>
          </reporter-output>
        </test-method> <!-- launchApplication -->
        <test-method signature="VerifyLoginBtnIsBlue()[pri:0, instance:com.cisco.SeleniumPro.multiplevalidations@72e5a8e]" started-at="2023-03-13T13:49:44 IST" name="VerifyLoginBtnIsBlue" finished-at="2023-03-13T13:49:44 IST" duration-ms="34" status="PASS">
          <reporter-output>
          </reporter-output>
        </test-method> <!-- VerifyLoginBtnIsBlue -->
        <test-method signature="VerifyTitle()[pri:0, instance:com.cisco.SeleniumPro.multiplevalidations@72e5a8e]" started-at="2023-03-13T13:49:44 IST" name="VerifyTitle" finished-at="2023-03-13T13:49:44 IST" duration-ms="7" status="PASS">
          <reporter-output>
          </reporter-output>
        </test-method> <!-- VerifyTitle -->
        <test-method signature="verifyText()[pri:0, instance:com.cisco.SeleniumPro.multiplevalidations@72e5a8e]" started-at="2023-03-13T13:49:44 IST" name="verifyText" finished-at="2023-03-13T13:49:44 IST" duration-ms="30" status="PASS">
          <reporter-output>
          </reporter-output>
        </test-method> <!-- verifyText -->
        <test-method signature="verifyText1()[pri:0, instance:com.cisco.SeleniumPro.multiplevalidations@72e5a8e]" started-at="2023-03-13T13:49:44 IST" name="verifyText1" finished-at="2023-03-13T13:49:44 IST" duration-ms="33" status="PASS">
          <reporter-output>
          </reporter-output>
        </test-method> <!-- verifyText1 -->
        <test-method is-config="true" signature="closeBrowser()[pri:0, instance:com.cisco.SeleniumPro.multiplevalidations@72e5a8e]" started-at="2023-03-13T13:49:44 IST" name="closeBrowser" finished-at="2023-03-13T13:49:44 IST" duration-ms="178" status="PASS">
          <reporter-output>
          </reporter-output>
        </test-method> <!-- closeBrowser -->
      </class> <!-- com.cisco.SeleniumPro.multiplevalidations -->
    </test> <!-- Default test -->
  </suite> <!-- Default suite -->
</testng-results>
