<?xml version="1.0" encoding="UTF-8"?>
<testsuite name="Test"
           tests="4"
           failures="0"
           errors="0"
           skipped="0"
           time="0.103">
  <properties />
  
  
            <testcase name="VerifyTitle" time="0.007" classname="com.cisco.SeleniumPro.multiplevalidations" />
                <testcase name="verifyText1" time="0.034" classname="com.cisco.SeleniumPro.multiplevalidations" />
                <testcase name="VerifyLoginBtnIsBlue" time="0.031" classname="com.cisco.SeleniumPro.multiplevalidations" />
                <testcase name="verifyText" time="0.031" classname="com.cisco.SeleniumPro.multiplevalidations" />
      
</testsuite>
