<?xml version="1.0" encoding="UTF-8"?>
<testng-results ignored="0" total="4" passed="4" failed="0" skipped="0">
  <reporter-output>
  </reporter-output>
  <suite started-at="2023-03-09T14:06:12 IST" name="Default suite" finished-at="2023-03-09T14:06:20 IST" duration-ms="7488">
    <groups>
    </groups>
    <test started-at="2023-03-09T14:06:12 IST" name="Default test" finished-at="2023-03-09T14:06:20 IST" duration-ms="7488">
      <class name="TestNG.multiplevalidations">
        <test-method is-config="true" signature="launchApplication()[pri:0, instance:TestNG.multiplevalidations@2f217633]" started-at="2023-03-09T14:06:12 IST" name="launchApplication" finished-at="2023-03-09T14:06:20 IST" duration-ms="7260" status="PASS">
          <reporter-output>
          </reporter-output>
        </test-method> <!-- launchApplication -->
        <test-method signature="VerifyLoginBtnIsBlue()[pri:0, instance:TestNG.multiplevalidations@2f217633]" started-at="2023-03-09T14:06:20 IST" name="VerifyLoginBtnIsBlue" finished-at="2023-03-09T14:06:20 IST" duration-ms="29" status="PASS">
          <reporter-output>
          </reporter-output>
        </test-method> <!-- VerifyLoginBtnIsBlue -->
        <test-method signature="VerifyTitle()[pri:0, instance:TestNG.multiplevalidations@2f217633]" started-at="2023-03-09T14:06:20 IST" name="VerifyTitle" finished-at="2023-03-09T14:06:20 IST" duration-ms="6" status="PASS">
          <reporter-output>
          </reporter-output>
        </test-method> <!-- VerifyTitle -->
        <test-method signature="verifyText()[pri:0, instance:TestNG.multiplevalidations@2f217633]" started-at="2023-03-09T14:06:20 IST" name="verifyText" finished-at="2023-03-09T14:06:20 IST" duration-ms="27" status="PASS">
          <reporter-output>
          </reporter-output>
        </test-method> <!-- verifyText -->
        <test-method signature="verifyText1()[pri:0, instance:TestNG.multiplevalidations@2f217633]" started-at="2023-03-09T14:06:20 IST" name="verifyText1" finished-at="2023-03-09T14:06:20 IST" duration-ms="25" status="PASS">
          <reporter-output>
          </reporter-output>
        </test-method> <!-- verifyText1 -->
        <test-method is-config="true" signature="closeBrowser()[pri:0, instance:TestNG.multiplevalidations@2f217633]" started-at="2023-03-09T14:06:20 IST" name="closeBrowser" finished-at="2023-03-09T14:06:20 IST" duration-ms="114" status="PASS">
          <reporter-output>
          </reporter-output>
        </test-method> <!-- closeBrowser -->
      </class> <!-- TestNG.multiplevalidations -->
    </test> <!-- Default test -->
  </suite> <!-- Default suite -->
</testng-results>
